
[2025-10-12 22:42:40] local.ERROR: fileperms(): stat failed for /home/projetos.cyzor.com.br/public_html/public/storage/ {"exception":"[object] (ErrorException(code: 0): fileperms(): stat failed for /home/projetos.cyzor.com.br/public_html/public/storage/ at /home/projetos.cyzor.com.br/public_html/vendor/rachidlaasri/laravel-installer/src/Helpers/PermissionsChecker.php:51)
[stacktrace]
#0 /home/projetos.cyzor.com.br/public_html/vendor/laravel/framework/src/Illuminate/Foundation/Bootstrap/HandleExceptions.php(256): Illuminate\\Foundation\\Bootstrap\\HandleExceptions->handleError()
#1 [internal function]: Illuminate\\Foundation\\Bootstrap\\HandleExceptions->Illuminate\\Foundation\\Bootstrap\\{closure}()
#2 /home/projetos.cyzor.com.br/public_html/vendor/rachidlaasri/laravel-installer/src/Helpers/PermissionsChecker.php(51): fileperms()
#3 /home/projetos.cyzor.com.br/public_html/vendor/rachidlaasri/laravel-installer/src/Helpers/PermissionsChecker.php(33): RachidLaasri\\LaravelInstaller\\Helpers\\PermissionsChecker->getPermission()
#4 /home/projetos.cyzor.com.br/public_html/vendor/rachidlaasri/laravel-installer/src/Controllers/PermissionsController.php(30): RachidLaasri\\LaravelInstaller\\Helpers\\PermissionsChecker->check()
#5 /home/projetos.cyzor.com.br/public_html/vendor/laravel/framework/src/Illuminate/Routing/Controller.php(54): RachidLaasri\\LaravelInstaller\\Controllers\\PermissionsController->permissions()
#6 /home/projetos.cyzor.com.br/public_html/vendor/laravel/framework/src/Illuminate/Routing/ControllerDispatcher.php(43): Illuminate\\Routing\\Controller->callAction()
#7 /home/projetos.cyzor.com.br/public_html/vendor/laravel/framework/src/Illuminate/Routing/Route.php(265): Illuminate\\Routing\\ControllerDispatcher->dispatch()
#8 /home/projetos.cyzor.com.br/public_html/vendor/laravel/framework/src/Illuminate/Routing/Route.php(211): Illuminate\\Routing\\Route->runController()
#9 /home/projetos.cyzor.com.br/public_html/vendor/laravel/framework/src/Illuminate/Routing/Router.php(821): Illuminate\\Routing\\Route->run()
#10 /home/projetos.cyzor.com.br/public_html/vendor/laravel/framework/src/Illuminate/Pipeline/Pipeline.php(169): Illuminate\\Routing\\Router->Illuminate\\Routing\\{closure}()
#11 /home/projetos.cyzor.com.br/public_html/vendor/rachidlaasri/laravel-installer/src/Middleware/canInstall.php(48): Illuminate\\Pipeline\\Pipeline->Illuminate\\Pipeline\\{closure}()
#12 /home/projetos.cyzor.com.br/public_html/vendor/laravel/framework/src/Illuminate/Pipeline/Pipeline.php(208): RachidLaasri\\LaravelInstaller\\Middleware\\canInstall->handle()
#13 /home/projetos.cyzor.com.br/public_html/app/Http/Middleware/DemoModeMiddleware.php(17): Illuminate\\Pipeline\\Pipeline->Illuminate\\Pipeline\\{closure}()
#14 /home/projetos.cyzor.com.br/public_html/vendor/laravel/framework/src/Illuminate/Pipeline/Pipeline.php(208): App\\Http\\Middleware\\DemoModeMiddleware->handle()
#15 /home/projetos.cyzor.com.br/public_html/vendor/laravel/framework/src/Illuminate/Http/Middleware/AddLinkHeadersForPreloadedAssets.php(32): Illuminate\\Pipeline\\Pipeline->Illuminate\\Pipeline\\{closure}()
#16 /home/projetos.cyzor.com.br/public_html/vendor/laravel/framework/src/Illuminate/Pipeline/Pipeline.php(208): Illuminate\\Http\\Middleware\\AddLinkHeadersForPreloadedAssets->handle()
#17 /home/projetos.cyzor.com.br/public_html/vendor/inertiajs/inertia-laravel/src/Middleware.php(100): Illuminate\\Pipeline\\Pipeline->Illuminate\\Pipeline\\{closure}()
#18 /home/projetos.cyzor.com.br/public_html/vendor/laravel/framework/src/Illuminate/Pipeline/Pipeline.php(208): Inertia\\Middleware->handle()
#19 /home/projetos.cyzor.com.br/public_html/app/Http/Middleware/ShareGlobalSettings.php(32): Illuminate\\Pipeline\\Pipeline->Illuminate\\Pipeline\\{closure}()
#20 /home/projetos.cyzor.com.br/public_html/vendor/laravel/framework/src/Illuminate/Pipeline/Pipeline.php(208): App\\Http\\Middleware\\ShareGlobalSettings->handle()
#21 /home/projetos.cyzor.com.br/public_html/app/Http/Middleware/HandleAppearance.php(21): Illuminate\\Pipeline\\Pipeline->Illuminate\\Pipeline\\{closure}()
#22 /home/projetos.cyzor.com.br/public_html/vendor/laravel/framework/src/Illuminate/Pipeline/Pipeline.php(208): App\\Http\\Middleware\\HandleAppearance->handle()
#23 /home/projetos.cyzor.com.br/public_html/app/Http/Middleware/CheckInstallation.php(23): Illuminate\\Pipeline\\Pipeline->Illuminate\\Pipeline\\{closure}()
#24 /home/projetos.cyzor.com.br/public_html/vendor/laravel/framework/src/Illuminate/Pipeline/Pipeline.php(208): App\\Http\\Middleware\\CheckInstallation->handle()
#25 /home/projetos.cyzor.com.br/public_html/vendor/laravel/framework/src/Illuminate/Routing/Middleware/SubstituteBindings.php(50): Illuminate\\Pipeline\\Pipeline->Illuminate\\Pipeline\\{closure}()
#26 /home/projetos.cyzor.com.br/public_html/vendor/laravel/framework/src/Illuminate/Pipeline/Pipeline.php(208): Illuminate\\Routing\\Middleware\\SubstituteBindings->handle()
#27 /home/projetos.cyzor.com.br/public_html/vendor/laravel/framework/src/Illuminate/Foundation/Http/Middleware/VerifyCsrfToken.php(87): Illuminate\\Pipeline\\Pipeline->Illuminate\\Pipeline\\{closure}()
#28 /home/projetos.cyzor.com.br/public_html/vendor/laravel/framework/src/Illuminate/Pipeline/Pipeline.php(208): Illuminate\\Foundation\\Http\\Middleware\\VerifyCsrfToken->handle()
#29 /home/projetos.cyzor.com.br/public_html/vendor/laravel/framework/src/Illuminate/View/Middleware/ShareErrorsFromSession.php(48): Illuminate\\Pipeline\\Pipeline->Illuminate\\Pipeline\\{closure}()
#30 /home/projetos.cyzor.com.br/public_html/vendor/laravel/framework/src/Illuminate/Pipeline/Pipeline.php(208): Illuminate\\View\\Middleware\\ShareErrorsFromSession->handle()
#31 /home/projetos.cyzor.com.br/public_html/vendor/laravel/framework/src/Illuminate/Session/Middleware/StartSession.php(120): Illuminate\\Pipeline\\Pipeline->Illuminate\\Pipeline\\{closure}()
#32 /home/projetos.cyzor.com.br/public_html/vendor/laravel/framework/src/Illuminate/Session/Middleware/StartSession.php(63): Illuminate\\Session\\Middleware\\StartSession->handleStatefulRequest()
#33 /home/projetos.cyzor.com.br/public_html/vendor/laravel/framework/src/Illuminate/Pipeline/Pipeline.php(208): Illuminate\\Session\\Middleware\\StartSession->handle()
#34 /home/projetos.cyzor.com.br/public_html/vendor/laravel/framework/src/Illuminate/Cookie/Middleware/AddQueuedCookiesToResponse.php(36): Illuminate\\Pipeline\\Pipeline->Illuminate\\Pipeline\\{closure}()
#35 /home/projetos.cyzor.com.br/public_html/vendor/laravel/framework/src/Illuminate/Pipeline/Pipeline.php(208): Illuminate\\Cookie\\Middleware\\AddQueuedCookiesToResponse->handle()
#36 /home/projetos.cyzor.com.br/public_html/vendor/laravel/framework/src/Illuminate/Cookie/Middleware/EncryptCookies.php(74): Illuminate\\Pipeline\\Pipeline->Illuminate\\Pipeline\\{closure}()
#37 /home/projetos.cyzor.com.br/public_html/vendor/laravel/framework/src/Illuminate/Pipeline/Pipeline.php(208): Illuminate\\Cookie\\Middleware\\EncryptCookies->handle()
#38 /home/projetos.cyzor.com.br/public_html/vendor/laravel/framework/src/Illuminate/Pipeline/Pipeline.php(126): Illuminate\\Pipeline\\Pipeline->Illuminate\\Pipeline\\{closure}()
#39 /home/projetos.cyzor.com.br/public_html/vendor/laravel/framework/src/Illuminate/Routing/Router.php(819): Illuminate\\Pipeline\\Pipeline->then()
#40 /home/projetos.cyzor.com.br/public_html/vendor/laravel/framework/src/Illuminate/Routing/Router.php(798): Illuminate\\Routing\\Router->runRouteWithinStack()
#41 /home/projetos.cyzor.com.br/public_html/vendor/laravel/framework/src/Illuminate/Routing/Router.php(761): Illuminate\\Routing\\Router->runRoute()
#42 /home/projetos.cyzor.com.br/public_html/vendor/laravel/framework/src/Illuminate/Routing/Router.php(750): Illuminate\\Routing\\Router->dispatchToRoute()
#43 /home/projetos.cyzor.com.br/public_html/vendor/laravel/framework/src/Illuminate/Foundation/Http/Kernel.php(200): Illuminate\\Routing\\Router->dispatch()
#44 /home/projetos.cyzor.com.br/public_html/vendor/laravel/framework/src/Illuminate/Pipeline/Pipeline.php(169): Illuminate\\Foundation\\Http\\Kernel->Illuminate\\Foundation\\Http\\{closure}()
#45 /home/projetos.cyzor.com.br/public_html/vendor/laravel/framework/src/Illuminate/Foundation/Http/Middleware/TransformsRequest.php(21): Illuminate\\Pipeline\\Pipeline->Illuminate\\Pipeline\\{closure}()
#46 /home/projetos.cyzor.com.br/public_html/vendor/laravel/framework/src/Illuminate/Foundation/Http/Middleware/ConvertEmptyStringsToNull.php(31): Illuminate\\Foundation\\Http\\Middleware\\TransformsRequest->handle()
#47 /home/projetos.cyzor.com.br/public_html/vendor/laravel/framework/src/Illuminate/Pipeline/Pipeline.php(208): Illuminate\\Foundation\\Http\\Middleware\\ConvertEmptyStringsToNull->handle()
#48 /home/projetos.cyzor.com.br/public_html/vendor/laravel/framework/src/Illuminate/Foundation/Http/Middleware/TransformsRequest.php(21): Illuminate\\Pipeline\\Pipeline->Illuminate\\Pipeline\\{closure}()
#49 /home/projetos.cyzor.com.br/public_html/vendor/laravel/framework/src/Illuminate/Foundation/Http/Middleware/TrimStrings.php(51): Illuminate\\Foundation\\Http\\Middleware\\TransformsRequest->handle()
#50 /home/projetos.cyzor.com.br/public_html/vendor/laravel/framework/src/Illuminate/Pipeline/Pipeline.php(208): Illuminate\\Foundation\\Http\\Middleware\\TrimStrings->handle()
#51 /home/projetos.cyzor.com.br/public_html/vendor/laravel/framework/src/Illuminate/Http/Middleware/ValidatePostSize.php(27): Illuminate\\Pipeline\\Pipeline->Illuminate\\Pipeline\\{closure}()
#52 /home/projetos.cyzor.com.br/public_html/vendor/laravel/framework/src/Illuminate/Pipeline/Pipeline.php(208): Illuminate\\Http\\Middleware\\ValidatePostSize->handle()
#53 /home/projetos.cyzor.com.br/public_html/vendor/laravel/framework/src/Illuminate/Foundation/Http/Middleware/PreventRequestsDuringMaintenance.php(109): Illuminate\\Pipeline\\Pipeline->Illuminate\\Pipeline\\{closure}()
#54 /home/projetos.cyzor.com.br/public_html/vendor/laravel/framework/src/Illuminate/Pipeline/Pipeline.php(208): Illuminate\\Foundation\\Http\\Middleware\\PreventRequestsDuringMaintenance->handle()
#55 /home/projetos.cyzor.com.br/public_html/vendor/laravel/framework/src/Illuminate/Http/Middleware/HandleCors.php(48): Illuminate\\Pipeline\\Pipeline->Illuminate\\Pipeline\\{closure}()
#56 /home/projetos.cyzor.com.br/public_html/vendor/laravel/framework/src/Illuminate/Pipeline/Pipeline.php(208): Illuminate\\Http\\Middleware\\HandleCors->handle()
#57 /home/projetos.cyzor.com.br/public_html/vendor/laravel/framework/src/Illuminate/Http/Middleware/TrustProxies.php(58): Illuminate\\Pipeline\\Pipeline->Illuminate\\Pipeline\\{closure}()
#58 /home/projetos.cyzor.com.br/public_html/vendor/laravel/framework/src/Illuminate/Pipeline/Pipeline.php(208): Illuminate\\Http\\Middleware\\TrustProxies->handle()
#59 /home/projetos.cyzor.com.br/public_html/vendor/laravel/framework/src/Illuminate/Foundation/Http/Middleware/InvokeDeferredCallbacks.php(22): Illuminate\\Pipeline\\Pipeline->Illuminate\\Pipeline\\{closure}()
#60 /home/projetos.cyzor.com.br/public_html/vendor/laravel/framework/src/Illuminate/Pipeline/Pipeline.php(208): Illuminate\\Foundation\\Http\\Middleware\\InvokeDeferredCallbacks->handle()
#61 /home/projetos.cyzor.com.br/public_html/vendor/laravel/framework/src/Illuminate/Http/Middleware/ValidatePathEncoding.php(26): Illuminate\\Pipeline\\Pipeline->Illuminate\\Pipeline\\{closure}()
#62 /home/projetos.cyzor.com.br/public_html/vendor/laravel/framework/src/Illuminate/Pipeline/Pipeline.php(208): Illuminate\\Http\\Middleware\\ValidatePathEncoding->handle()
#63 /home/projetos.cyzor.com.br/public_html/vendor/laravel/framework/src/Illuminate/Pipeline/Pipeline.php(126): Illuminate\\Pipeline\\Pipeline->Illuminate\\Pipeline\\{closure}()
#64 /home/projetos.cyzor.com.br/public_html/vendor/laravel/framework/src/Illuminate/Foundation/Http/Kernel.php(175): Illuminate\\Pipeline\\Pipeline->then()
#65 /home/projetos.cyzor.com.br/public_html/vendor/laravel/framework/src/Illuminate/Foundation/Http/Kernel.php(144): Illuminate\\Foundation\\Http\\Kernel->sendRequestThroughRouter()
#66 /home/projetos.cyzor.com.br/public_html/vendor/laravel/framework/src/Illuminate/Foundation/Application.php(1219): Illuminate\\Foundation\\Http\\Kernel->handle()
#67 /home/projetos.cyzor.com.br/public_html/public/index.php(20): Illuminate\\Foundation\\Application->handleRequest()
#68 {main}
"} 
[2025-10-12 22:45:04] local.ERROR: SQLSTATE[42S22]: Column not found: 1054 Unknown column 'workspace_id' in 'WHERE' (Connection: mysql, SQL: select `value`, `key` from `settings` where `user_id` = 2 and `workspace_id` is null) {"exception":"[object] (Illuminate\\Database\\QueryException(code: 42S22): SQLSTATE[42S22]: Column not found: 1054 Unknown column 'workspace_id' in 'WHERE' (Connection: mysql, SQL: select `value`, `key` from `settings` where `user_id` = 2 and `workspace_id` is null) at /home/projetos.cyzor.com.br/public_html/vendor/laravel/framework/src/Illuminate/Database/Connection.php:822)
[stacktrace]
#0 /home/projetos.cyzor.com.br/public_html/vendor/laravel/framework/src/Illuminate/Database/Connection.php(776): Illuminate\\Database\\Connection->runQueryCallback()
#1 /home/projetos.cyzor.com.br/public_html/vendor/laravel/framework/src/Illuminate/Database/Connection.php(395): Illuminate\\Database\\Connection->run()
#2 /home/projetos.cyzor.com.br/public_html/vendor/laravel/framework/src/Illuminate/Database/Query/Builder.php(3131): Illuminate\\Database\\Connection->select()
#3 /home/projetos.cyzor.com.br/public_html/vendor/laravel/framework/src/Illuminate/Database/Query/Builder.php(3389): Illuminate\\Database\\Query\\Builder->runSelect()
#4 /home/projetos.cyzor.com.br/public_html/vendor/laravel/framework/src/Illuminate/Database/Query/Builder.php(3706): Illuminate\\Database\\Query\\Builder->Illuminate\\Database\\Query\\{closure}()
#5 /home/projetos.cyzor.com.br/public_html/vendor/laravel/framework/src/Illuminate/Database/Query/Builder.php(3385): Illuminate\\Database\\Query\\Builder->onceWithColumns()
#6 /home/projetos.cyzor.com.br/public_html/vendor/laravel/framework/src/Illuminate/Database/Eloquent/Builder.php(1052): Illuminate\\Database\\Query\\Builder->pluck()
#7 /home/projetos.cyzor.com.br/public_html/app/Helpers/helper.php(68): Illuminate\\Database\\Eloquent\\Builder->pluck()
#8 /home/projetos.cyzor.com.br/public_html/app/Http/Middleware/HandleInertiaRequests.php(58): settings()
#9 /home/projetos.cyzor.com.br/public_html/vendor/inertiajs/inertia-laravel/src/Middleware.php(93): App\\Http\\Middleware\\HandleInertiaRequests->share()
#10 /home/projetos.cyzor.com.br/public_html/vendor/laravel/framework/src/Illuminate/Pipeline/Pipeline.php(208): Inertia\\Middleware->handle()
#11 /home/projetos.cyzor.com.br/public_html/app/Http/Middleware/ShareGlobalSettings.php(32): Illuminate\\Pipeline\\Pipeline->Illuminate\\Pipeline\\{closure}()
#12 /home/projetos.cyzor.com.br/public_html/vendor/laravel/framework/src/Illuminate/Pipeline/Pipeline.php(208): App\\Http\\Middleware\\ShareGlobalSettings->handle()
#13 /home/projetos.cyzor.com.br/public_html/app/Http/Middleware/HandleAppearance.php(21): Illuminate\\Pipeline\\Pipeline->Illuminate\\Pipeline\\{closure}()
#14 /home/projetos.cyzor.com.br/public_html/vendor/laravel/framework/src/Illuminate/Pipeline/Pipeline.php(208): App\\Http\\Middleware\\HandleAppearance->handle()
#15 /home/projetos.cyzor.com.br/public_html/app/Http/Middleware/CheckInstallation.php(41): Illuminate\\Pipeline\\Pipeline->Illuminate\\Pipeline\\{closure}()
#16 /home/projetos.cyzor.com.br/public_html/vendor/laravel/framework/src/Illuminate/Pipeline/Pipeline.php(208): App\\Http\\Middleware\\CheckInstallation->handle()
#17 /home/projetos.cyzor.com.br/public_html/vendor/laravel/framework/src/Illuminate/Routing/Middleware/SubstituteBindings.php(50): Illuminate\\Pipeline\\Pipeline->Illuminate\\Pipeline\\{closure}()
#18 /home/projetos.cyzor.com.br/public_html/vendor/laravel/framework/src/Illuminate/Pipeline/Pipeline.php(208): Illuminate\\Routing\\Middleware\\SubstituteBindings->handle()
#19 /home/projetos.cyzor.com.br/public_html/vendor/laravel/framework/src/Illuminate/Foundation/Http/Middleware/VerifyCsrfToken.php(87): Illuminate\\Pipeline\\Pipeline->Illuminate\\Pipeline\\{closure}()
#20 /home/projetos.cyzor.com.br/public_html/vendor/laravel/framework/src/Illuminate/Pipeline/Pipeline.php(208): Illuminate\\Foundation\\Http\\Middleware\\VerifyCsrfToken->handle()
#21 /home/projetos.cyzor.com.br/public_html/vendor/laravel/framework/src/Illuminate/View/Middleware/ShareErrorsFromSession.php(48): Illuminate\\Pipeline\\Pipeline->Illuminate\\Pipeline\\{closure}()
#22 /home/projetos.cyzor.com.br/public_html/vendor/laravel/framework/src/Illuminate/Pipeline/Pipeline.php(208): Illuminate\\View\\Middleware\\ShareErrorsFromSession->handle()
#23 /home/projetos.cyzor.com.br/public_html/vendor/laravel/framework/src/Illuminate/Session/Middleware/StartSession.php(120): Illuminate\\Pipeline\\Pipeline->Illuminate\\Pipeline\\{closure}()
#24 /home/projetos.cyzor.com.br/public_html/vendor/laravel/framework/src/Illuminate/Session/Middleware/StartSession.php(63): Illuminate\\Session\\Middleware\\StartSession->handleStatefulRequest()
#25 /home/projetos.cyzor.com.br/public_html/vendor/laravel/framework/src/Illuminate/Pipeline/Pipeline.php(208): Illuminate\\Session\\Middleware\\StartSession->handle()
#26 /home/projetos.cyzor.com.br/public_html/vendor/laravel/framework/src/Illuminate/Cookie/Middleware/AddQueuedCookiesToResponse.php(36): Illuminate\\Pipeline\\Pipeline->Illuminate\\Pipeline\\{closure}()
#27 /home/projetos.cyzor.com.br/public_html/vendor/laravel/framework/src/Illuminate/Pipeline/Pipeline.php(208): Illuminate\\Cookie\\Middleware\\AddQueuedCookiesToResponse->handle()
#28 /home/projetos.cyzor.com.br/public_html/vendor/laravel/framework/src/Illuminate/Cookie/Middleware/EncryptCookies.php(74): Illuminate\\Pipeline\\Pipeline->Illuminate\\Pipeline\\{closure}()
#29 /home/projetos.cyzor.com.br/public_html/vendor/laravel/framework/src/Illuminate/Pipeline/Pipeline.php(208): Illuminate\\Cookie\\Middleware\\EncryptCookies->handle()
#30 /home/projetos.cyzor.com.br/public_html/vendor/laravel/framework/src/Illuminate/Pipeline/Pipeline.php(126): Illuminate\\Pipeline\\Pipeline->Illuminate\\Pipeline\\{closure}()
#31 /home/projetos.cyzor.com.br/public_html/vendor/laravel/framework/src/Illuminate/Routing/Router.php(819): Illuminate\\Pipeline\\Pipeline->then()
#32 /home/projetos.cyzor.com.br/public_html/vendor/laravel/framework/src/Illuminate/Routing/Router.php(798): Illuminate\\Routing\\Router->runRouteWithinStack()
#33 /home/projetos.cyzor.com.br/public_html/vendor/laravel/framework/src/Illuminate/Routing/Router.php(761): Illuminate\\Routing\\Router->runRoute()
#34 /home/projetos.cyzor.com.br/public_html/vendor/laravel/framework/src/Illuminate/Routing/Router.php(750): Illuminate\\Routing\\Router->dispatchToRoute()
#35 /home/projetos.cyzor.com.br/public_html/vendor/laravel/framework/src/Illuminate/Foundation/Http/Kernel.php(200): Illuminate\\Routing\\Router->dispatch()
#36 /home/projetos.cyzor.com.br/public_html/vendor/laravel/framework/src/Illuminate/Pipeline/Pipeline.php(169): Illuminate\\Foundation\\Http\\Kernel->Illuminate\\Foundation\\Http\\{closure}()
#37 /home/projetos.cyzor.com.br/public_html/vendor/laravel/framework/src/Illuminate/Foundation/Http/Middleware/TransformsRequest.php(21): Illuminate\\Pipeline\\Pipeline->Illuminate\\Pipeline\\{closure}()
#38 /home/projetos.cyzor.com.br/public_html/vendor/laravel/framework/src/Illuminate/Foundation/Http/Middleware/ConvertEmptyStringsToNull.php(31): Illuminate\\Foundation\\Http\\Middleware\\TransformsRequest->handle()
#39 /home/projetos.cyzor.com.br/public_html/vendor/laravel/framework/src/Illuminate/Pipeline/Pipeline.php(208): Illuminate\\Foundation\\Http\\Middleware\\ConvertEmptyStringsToNull->handle()
#40 /home/projetos.cyzor.com.br/public_html/vendor/laravel/framework/src/Illuminate/Foundation/Http/Middleware/TransformsRequest.php(21): Illuminate\\Pipeline\\Pipeline->Illuminate\\Pipeline\\{closure}()
#41 /home/projetos.cyzor.com.br/public_html/vendor/laravel/framework/src/Illuminate/Foundation/Http/Middleware/TrimStrings.php(51): Illuminate\\Foundation\\Http\\Middleware\\TransformsRequest->handle()
#42 /home/projetos.cyzor.com.br/public_html/vendor/laravel/framework/src/Illuminate/Pipeline/Pipeline.php(208): Illuminate\\Foundation\\Http\\Middleware\\TrimStrings->handle()
#43 /home/projetos.cyzor.com.br/public_html/vendor/laravel/framework/src/Illuminate/Http/Middleware/ValidatePostSize.php(27): Illuminate\\Pipeline\\Pipeline->Illuminate\\Pipeline\\{closure}()
#44 /home/projetos.cyzor.com.br/public_html/vendor/laravel/framework/src/Illuminate/Pipeline/Pipeline.php(208): Illuminate\\Http\\Middleware\\ValidatePostSize->handle()
#45 /home/projetos.cyzor.com.br/public_html/vendor/laravel/framework/src/Illuminate/Foundation/Http/Middleware/PreventRequestsDuringMaintenance.php(109): Illuminate\\Pipeline\\Pipeline->Illuminate\\Pipeline\\{closure}()
#46 /home/projetos.cyzor.com.br/public_html/vendor/laravel/framework/src/Illuminate/Pipeline/Pipeline.php(208): Illuminate\\Foundation\\Http\\Middleware\\PreventRequestsDuringMaintenance->handle()
#47 /home/projetos.cyzor.com.br/public_html/vendor/laravel/framework/src/Illuminate/Http/Middleware/HandleCors.php(48): Illuminate\\Pipeline\\Pipeline->Illuminate\\Pipeline\\{closure}()
#48 /home/projetos.cyzor.com.br/public_html/vendor/laravel/framework/src/Illuminate/Pipeline/Pipeline.php(208): Illuminate\\Http\\Middleware\\HandleCors->handle()
#49 /home/projetos.cyzor.com.br/public_html/vendor/laravel/framework/src/Illuminate/Http/Middleware/TrustProxies.php(58): Illuminate\\Pipeline\\Pipeline->Illuminate\\Pipeline\\{closure}()
#50 /home/projetos.cyzor.com.br/public_html/vendor/laravel/framework/src/Illuminate/Pipeline/Pipeline.php(208): Illuminate\\Http\\Middleware\\TrustProxies->handle()
#51 /home/projetos.cyzor.com.br/public_html/vendor/laravel/framework/src/Illuminate/Foundation/Http/Middleware/InvokeDeferredCallbacks.php(22): Illuminate\\Pipeline\\Pipeline->Illuminate\\Pipeline\\{closure}()
#52 /home/projetos.cyzor.com.br/public_html/vendor/laravel/framework/src/Illuminate/Pipeline/Pipeline.php(208): Illuminate\\Foundation\\Http\\Middleware\\InvokeDeferredCallbacks->handle()
#53 /home/projetos.cyzor.com.br/public_html/vendor/laravel/framework/src/Illuminate/Http/Middleware/ValidatePathEncoding.php(26): Illuminate\\Pipeline\\Pipeline->Illuminate\\Pipeline\\{closure}()
#54 /home/projetos.cyzor.com.br/public_html/vendor/laravel/framework/src/Illuminate/Pipeline/Pipeline.php(208): Illuminate\\Http\\Middleware\\ValidatePathEncoding->handle()
#55 /home/projetos.cyzor.com.br/public_html/vendor/laravel/framework/src/Illuminate/Pipeline/Pipeline.php(126): Illuminate\\Pipeline\\Pipeline->Illuminate\\Pipeline\\{closure}()
#56 /home/projetos.cyzor.com.br/public_html/vendor/laravel/framework/src/Illuminate/Foundation/Http/Kernel.php(175): Illuminate\\Pipeline\\Pipeline->then()
#57 /home/projetos.cyzor.com.br/public_html/vendor/laravel/framework/src/Illuminate/Foundation/Http/Kernel.php(144): Illuminate\\Foundation\\Http\\Kernel->sendRequestThroughRouter()
#58 /home/projetos.cyzor.com.br/public_html/vendor/laravel/framework/src/Illuminate/Foundation/Application.php(1219): Illuminate\\Foundation\\Http\\Kernel->handle()
#59 /home/projetos.cyzor.com.br/public_html/public/index.php(20): Illuminate\\Foundation\\Application->handleRequest()
#60 {main}

[previous exception] [object] (PDOException(code: 42S22): SQLSTATE[42S22]: Column not found: 1054 Unknown column 'workspace_id' in 'WHERE' at /home/projetos.cyzor.com.br/public_html/vendor/laravel/framework/src/Illuminate/Database/Connection.php:404)
[stacktrace]
#0 /home/projetos.cyzor.com.br/public_html/vendor/laravel/framework/src/Illuminate/Database/Connection.php(404): PDO->prepare()
#1 /home/projetos.cyzor.com.br/public_html/vendor/laravel/framework/src/Illuminate/Database/Connection.php(809): Illuminate\\Database\\Connection->Illuminate\\Database\\{closure}()
#2 /home/projetos.cyzor.com.br/public_html/vendor/laravel/framework/src/Illuminate/Database/Connection.php(776): Illuminate\\Database\\Connection->runQueryCallback()
#3 /home/projetos.cyzor.com.br/public_html/vendor/laravel/framework/src/Illuminate/Database/Connection.php(395): Illuminate\\Database\\Connection->run()
#4 /home/projetos.cyzor.com.br/public_html/vendor/laravel/framework/src/Illuminate/Database/Query/Builder.php(3131): Illuminate\\Database\\Connection->select()
#5 /home/projetos.cyzor.com.br/public_html/vendor/laravel/framework/src/Illuminate/Database/Query/Builder.php(3389): Illuminate\\Database\\Query\\Builder->runSelect()
#6 /home/projetos.cyzor.com.br/public_html/vendor/laravel/framework/src/Illuminate/Database/Query/Builder.php(3706): Illuminate\\Database\\Query\\Builder->Illuminate\\Database\\Query\\{closure}()
#7 /home/projetos.cyzor.com.br/public_html/vendor/laravel/framework/src/Illuminate/Database/Query/Builder.php(3385): Illuminate\\Database\\Query\\Builder->onceWithColumns()
#8 /home/projetos.cyzor.com.br/public_html/vendor/laravel/framework/src/Illuminate/Database/Eloquent/Builder.php(1052): Illuminate\\Database\\Query\\Builder->pluck()
#9 /home/projetos.cyzor.com.br/public_html/app/Helpers/helper.php(68): Illuminate\\Database\\Eloquent\\Builder->pluck()
#10 /home/projetos.cyzor.com.br/public_html/app/Http/Middleware/HandleInertiaRequests.php(58): settings()
#11 /home/projetos.cyzor.com.br/public_html/vendor/inertiajs/inertia-laravel/src/Middleware.php(93): App\\Http\\Middleware\\HandleInertiaRequests->share()
#12 /home/projetos.cyzor.com.br/public_html/vendor/laravel/framework/src/Illuminate/Pipeline/Pipeline.php(208): Inertia\\Middleware->handle()
#13 /home/projetos.cyzor.com.br/public_html/app/Http/Middleware/ShareGlobalSettings.php(32): Illuminate\\Pipeline\\Pipeline->Illuminate\\Pipeline\\{closure}()
#14 /home/projetos.cyzor.com.br/public_html/vendor/laravel/framework/src/Illuminate/Pipeline/Pipeline.php(208): App\\Http\\Middleware\\ShareGlobalSettings->handle()
#15 /home/projetos.cyzor.com.br/public_html/app/Http/Middleware/HandleAppearance.php(21): Illuminate\\Pipeline\\Pipeline->Illuminate\\Pipeline\\{closure}()
#16 /home/projetos.cyzor.com.br/public_html/vendor/laravel/framework/src/Illuminate/Pipeline/Pipeline.php(208): App\\Http\\Middleware\\HandleAppearance->handle()
#17 /home/projetos.cyzor.com.br/public_html/app/Http/Middleware/CheckInstallation.php(41): Illuminate\\Pipeline\\Pipeline->Illuminate\\Pipeline\\{closure}()
#18 /home/projetos.cyzor.com.br/public_html/vendor/laravel/framework/src/Illuminate/Pipeline/Pipeline.php(208): App\\Http\\Middleware\\CheckInstallation->handle()
#19 /home/projetos.cyzor.com.br/public_html/vendor/laravel/framework/src/Illuminate/Routing/Middleware/SubstituteBindings.php(50): Illuminate\\Pipeline\\Pipeline->Illuminate\\Pipeline\\{closure}()
#20 /home/projetos.cyzor.com.br/public_html/vendor/laravel/framework/src/Illuminate/Pipeline/Pipeline.php(208): Illuminate\\Routing\\Middleware\\SubstituteBindings->handle()
#21 /home/projetos.cyzor.com.br/public_html/vendor/laravel/framework/src/Illuminate/Foundation/Http/Middleware/VerifyCsrfToken.php(87): Illuminate\\Pipeline\\Pipeline->Illuminate\\Pipeline\\{closure}()
#22 /home/projetos.cyzor.com.br/public_html/vendor/laravel/framework/src/Illuminate/Pipeline/Pipeline.php(208): Illuminate\\Foundation\\Http\\Middleware\\VerifyCsrfToken->handle()
#23 /home/projetos.cyzor.com.br/public_html/vendor/laravel/framework/src/Illuminate/View/Middleware/ShareErrorsFromSession.php(48): Illuminate\\Pipeline\\Pipeline->Illuminate\\Pipeline\\{closure}()
#24 /home/projetos.cyzor.com.br/public_html/vendor/laravel/framework/src/Illuminate/Pipeline/Pipeline.php(208): Illuminate\\View\\Middleware\\ShareErrorsFromSession->handle()
#25 /home/projetos.cyzor.com.br/public_html/vendor/laravel/framework/src/Illuminate/Session/Middleware/StartSession.php(120): Illuminate\\Pipeline\\Pipeline->Illuminate\\Pipeline\\{closure}()
#26 /home/projetos.cyzor.com.br/public_html/vendor/laravel/framework/src/Illuminate/Session/Middleware/StartSession.php(63): Illuminate\\Session\\Middleware\\StartSession->handleStatefulRequest()
#27 /home/projetos.cyzor.com.br/public_html/vendor/laravel/framework/src/Illuminate/Pipeline/Pipeline.php(208): Illuminate\\Session\\Middleware\\StartSession->handle()
#28 /home/projetos.cyzor.com.br/public_html/vendor/laravel/framework/src/Illuminate/Cookie/Middleware/AddQueuedCookiesToResponse.php(36): Illuminate\\Pipeline\\Pipeline->Illuminate\\Pipeline\\{closure}()
#29 /home/projetos.cyzor.com.br/public_html/vendor/laravel/framework/src/Illuminate/Pipeline/Pipeline.php(208): Illuminate\\Cookie\\Middleware\\AddQueuedCookiesToResponse->handle()
#30 /home/projetos.cyzor.com.br/public_html/vendor/laravel/framework/src/Illuminate/Cookie/Middleware/EncryptCookies.php(74): Illuminate\\Pipeline\\Pipeline->Illuminate\\Pipeline\\{closure}()
#31 /home/projetos.cyzor.com.br/public_html/vendor/laravel/framework/src/Illuminate/Pipeline/Pipeline.php(208): Illuminate\\Cookie\\Middleware\\EncryptCookies->handle()
#32 /home/projetos.cyzor.com.br/public_html/vendor/laravel/framework/src/Illuminate/Pipeline/Pipeline.php(126): Illuminate\\Pipeline\\Pipeline->Illuminate\\Pipeline\\{closure}()
#33 /home/projetos.cyzor.com.br/public_html/vendor/laravel/framework/src/Illuminate/Routing/Router.php(819): Illuminate\\Pipeline\\Pipeline->then()
#34 /home/projetos.cyzor.com.br/public_html/vendor/laravel/framework/src/Illuminate/Routing/Router.php(798): Illuminate\\Routing\\Router->runRouteWithinStack()
#35 /home/projetos.cyzor.com.br/public_html/vendor/laravel/framework/src/Illuminate/Routing/Router.php(761): Illuminate\\Routing\\Router->runRoute()
#36 /home/projetos.cyzor.com.br/public_html/vendor/laravel/framework/src/Illuminate/Routing/Router.php(750): Illuminate\\Routing\\Router->dispatchToRoute()
#37 /home/projetos.cyzor.com.br/public_html/vendor/laravel/framework/src/Illuminate/Foundation/Http/Kernel.php(200): Illuminate\\Routing\\Router->dispatch()
#38 /home/projetos.cyzor.com.br/public_html/vendor/laravel/framework/src/Illuminate/Pipeline/Pipeline.php(169): Illuminate\\Foundation\\Http\\Kernel->Illuminate\\Foundation\\Http\\{closure}()
#39 /home/projetos.cyzor.com.br/public_html/vendor/laravel/framework/src/Illuminate/Foundation/Http/Middleware/TransformsRequest.php(21): Illuminate\\Pipeline\\Pipeline->Illuminate\\Pipeline\\{closure}()
#40 /home/projetos.cyzor.com.br/public_html/vendor/laravel/framework/src/Illuminate/Foundation/Http/Middleware/ConvertEmptyStringsToNull.php(31): Illuminate\\Foundation\\Http\\Middleware\\TransformsRequest->handle()
#41 /home/projetos.cyzor.com.br/public_html/vendor/laravel/framework/src/Illuminate/Pipeline/Pipeline.php(208): Illuminate\\Foundation\\Http\\Middleware\\ConvertEmptyStringsToNull->handle()
#42 /home/projetos.cyzor.com.br/public_html/vendor/laravel/framework/src/Illuminate/Foundation/Http/Middleware/TransformsRequest.php(21): Illuminate\\Pipeline\\Pipeline->Illuminate\\Pipeline\\{closure}()
#43 /home/projetos.cyzor.com.br/public_html/vendor/laravel/framework/src/Illuminate/Foundation/Http/Middleware/TrimStrings.php(51): Illuminate\\Foundation\\Http\\Middleware\\TransformsRequest->handle()
#44 /home/projetos.cyzor.com.br/public_html/vendor/laravel/framework/src/Illuminate/Pipeline/Pipeline.php(208): Illuminate\\Foundation\\Http\\Middleware\\TrimStrings->handle()
#45 /home/projetos.cyzor.com.br/public_html/vendor/laravel/framework/src/Illuminate/Http/Middleware/ValidatePostSize.php(27): Illuminate\\Pipeline\\Pipeline->Illuminate\\Pipeline\\{closure}()
#46 /home/projetos.cyzor.com.br/public_html/vendor/laravel/framework/src/Illuminate/Pipeline/Pipeline.php(208): Illuminate\\Http\\Middleware\\ValidatePostSize->handle()
#47 /home/projetos.cyzor.com.br/public_html/vendor/laravel/framework/src/Illuminate/Foundation/Http/Middleware/PreventRequestsDuringMaintenance.php(109): Illuminate\\Pipeline\\Pipeline->Illuminate\\Pipeline\\{closure}()
#48 /home/projetos.cyzor.com.br/public_html/vendor/laravel/framework/src/Illuminate/Pipeline/Pipeline.php(208): Illuminate\\Foundation\\Http\\Middleware\\PreventRequestsDuringMaintenance->handle()
#49 /home/projetos.cyzor.com.br/public_html/vendor/laravel/framework/src/Illuminate/Http/Middleware/HandleCors.php(48): Illuminate\\Pipeline\\Pipeline->Illuminate\\Pipeline\\{closure}()
#50 /home/projetos.cyzor.com.br/public_html/vendor/laravel/framework/src/Illuminate/Pipeline/Pipeline.php(208): Illuminate\\Http\\Middleware\\HandleCors->handle()
#51 /home/projetos.cyzor.com.br/public_html/vendor/laravel/framework/src/Illuminate/Http/Middleware/TrustProxies.php(58): Illuminate\\Pipeline\\Pipeline->Illuminate\\Pipeline\\{closure}()
#52 /home/projetos.cyzor.com.br/public_html/vendor/laravel/framework/src/Illuminate/Pipeline/Pipeline.php(208): Illuminate\\Http\\Middleware\\TrustProxies->handle()
#53 /home/projetos.cyzor.com.br/public_html/vendor/laravel/framework/src/Illuminate/Foundation/Http/Middleware/InvokeDeferredCallbacks.php(22): Illuminate\\Pipeline\\Pipeline->Illuminate\\Pipeline\\{closure}()
#54 /home/projetos.cyzor.com.br/public_html/vendor/laravel/framework/src/Illuminate/Pipeline/Pipeline.php(208): Illuminate\\Foundation\\Http\\Middleware\\InvokeDeferredCallbacks->handle()
#55 /home/projetos.cyzor.com.br/public_html/vendor/laravel/framework/src/Illuminate/Http/Middleware/ValidatePathEncoding.php(26): Illuminate\\Pipeline\\Pipeline->Illuminate\\Pipeline\\{closure}()
#56 /home/projetos.cyzor.com.br/public_html/vendor/laravel/framework/src/Illuminate/Pipeline/Pipeline.php(208): Illuminate\\Http\\Middleware\\ValidatePathEncoding->handle()
#57 /home/projetos.cyzor.com.br/public_html/vendor/laravel/framework/src/Illuminate/Pipeline/Pipeline.php(126): Illuminate\\Pipeline\\Pipeline->Illuminate\\Pipeline\\{closure}()
#58 /home/projetos.cyzor.com.br/public_html/vendor/laravel/framework/src/Illuminate/Foundation/Http/Kernel.php(175): Illuminate\\Pipeline\\Pipeline->then()
#59 /home/projetos.cyzor.com.br/public_html/vendor/laravel/framework/src/Illuminate/Foundation/Http/Kernel.php(144): Illuminate\\Foundation\\Http\\Kernel->sendRequestThroughRouter()
#60 /home/projetos.cyzor.com.br/public_html/vendor/laravel/framework/src/Illuminate/Foundation/Application.php(1219): Illuminate\\Foundation\\Http\\Kernel->handle()
#61 /home/projetos.cyzor.com.br/public_html/public/index.php(20): Illuminate\\Foundation\\Application->handleRequest()
#62 {main}
"} 
[2025-10-12 22:45:42] local.ERROR: SQLSTATE[42S22]: Column not found: 1054 Unknown column 'workspace_id' in 'WHERE' (Connection: mysql, SQL: select `value`, `key` from `settings` where `user_id` = 2 and `workspace_id` is null) {"exception":"[object] (Illuminate\\Database\\QueryException(code: 42S22): SQLSTATE[42S22]: Column not found: 1054 Unknown column 'workspace_id' in 'WHERE' (Connection: mysql, SQL: select `value`, `key` from `settings` where `user_id` = 2 and `workspace_id` is null) at /home/projetos.cyzor.com.br/public_html/vendor/laravel/framework/src/Illuminate/Database/Connection.php:822)
[stacktrace]
#0 /home/projetos.cyzor.com.br/public_html/vendor/laravel/framework/src/Illuminate/Database/Connection.php(776): Illuminate\\Database\\Connection->runQueryCallback()
#1 /home/projetos.cyzor.com.br/public_html/vendor/laravel/framework/src/Illuminate/Database/Connection.php(395): Illuminate\\Database\\Connection->run()
#2 /home/projetos.cyzor.com.br/public_html/vendor/laravel/framework/src/Illuminate/Database/Query/Builder.php(3131): Illuminate\\Database\\Connection->select()
#3 /home/projetos.cyzor.com.br/public_html/vendor/laravel/framework/src/Illuminate/Database/Query/Builder.php(3389): Illuminate\\Database\\Query\\Builder->runSelect()
#4 /home/projetos.cyzor.com.br/public_html/vendor/laravel/framework/src/Illuminate/Database/Query/Builder.php(3706): Illuminate\\Database\\Query\\Builder->Illuminate\\Database\\Query\\{closure}()
#5 /home/projetos.cyzor.com.br/public_html/vendor/laravel/framework/src/Illuminate/Database/Query/Builder.php(3385): Illuminate\\Database\\Query\\Builder->onceWithColumns()
#6 /home/projetos.cyzor.com.br/public_html/vendor/laravel/framework/src/Illuminate/Database/Eloquent/Builder.php(1052): Illuminate\\Database\\Query\\Builder->pluck()
#7 /home/projetos.cyzor.com.br/public_html/app/Helpers/helper.php(68): Illuminate\\Database\\Eloquent\\Builder->pluck()
#8 /home/projetos.cyzor.com.br/public_html/app/Http/Middleware/HandleInertiaRequests.php(58): settings()
#9 /home/projetos.cyzor.com.br/public_html/vendor/inertiajs/inertia-laravel/src/Middleware.php(93): App\\Http\\Middleware\\HandleInertiaRequests->share()
#10 /home/projetos.cyzor.com.br/public_html/vendor/laravel/framework/src/Illuminate/Pipeline/Pipeline.php(208): Inertia\\Middleware->handle()
#11 /home/projetos.cyzor.com.br/public_html/app/Http/Middleware/ShareGlobalSettings.php(32): Illuminate\\Pipeline\\Pipeline->Illuminate\\Pipeline\\{closure}()
#12 /home/projetos.cyzor.com.br/public_html/vendor/laravel/framework/src/Illuminate/Pipeline/Pipeline.php(208): App\\Http\\Middleware\\ShareGlobalSettings->handle()
#13 /home/projetos.cyzor.com.br/public_html/app/Http/Middleware/HandleAppearance.php(21): Illuminate\\Pipeline\\Pipeline->Illuminate\\Pipeline\\{closure}()
#14 /home/projetos.cyzor.com.br/public_html/vendor/laravel/framework/src/Illuminate/Pipeline/Pipeline.php(208): App\\Http\\Middleware\\HandleAppearance->handle()
#15 /home/projetos.cyzor.com.br/public_html/app/Http/Middleware/CheckInstallation.php(41): Illuminate\\Pipeline\\Pipeline->Illuminate\\Pipeline\\{closure}()
#16 /home/projetos.cyzor.com.br/public_html/vendor/laravel/framework/src/Illuminate/Pipeline/Pipeline.php(208): App\\Http\\Middleware\\CheckInstallation->handle()
#17 /home/projetos.cyzor.com.br/public_html/vendor/laravel/framework/src/Illuminate/Routing/Middleware/SubstituteBindings.php(50): Illuminate\\Pipeline\\Pipeline->Illuminate\\Pipeline\\{closure}()
#18 /home/projetos.cyzor.com.br/public_html/vendor/laravel/framework/src/Illuminate/Pipeline/Pipeline.php(208): Illuminate\\Routing\\Middleware\\SubstituteBindings->handle()
#19 /home/projetos.cyzor.com.br/public_html/vendor/laravel/framework/src/Illuminate/Foundation/Http/Middleware/VerifyCsrfToken.php(87): Illuminate\\Pipeline\\Pipeline->Illuminate\\Pipeline\\{closure}()
#20 /home/projetos.cyzor.com.br/public_html/vendor/laravel/framework/src/Illuminate/Pipeline/Pipeline.php(208): Illuminate\\Foundation\\Http\\Middleware\\VerifyCsrfToken->handle()
#21 /home/projetos.cyzor.com.br/public_html/vendor/laravel/framework/src/Illuminate/View/Middleware/ShareErrorsFromSession.php(48): Illuminate\\Pipeline\\Pipeline->Illuminate\\Pipeline\\{closure}()
#22 /home/projetos.cyzor.com.br/public_html/vendor/laravel/framework/src/Illuminate/Pipeline/Pipeline.php(208): Illuminate\\View\\Middleware\\ShareErrorsFromSession->handle()
#23 /home/projetos.cyzor.com.br/public_html/vendor/laravel/framework/src/Illuminate/Session/Middleware/StartSession.php(120): Illuminate\\Pipeline\\Pipeline->Illuminate\\Pipeline\\{closure}()
#24 /home/projetos.cyzor.com.br/public_html/vendor/laravel/framework/src/Illuminate/Session/Middleware/StartSession.php(63): Illuminate\\Session\\Middleware\\StartSession->handleStatefulRequest()
#25 /home/projetos.cyzor.com.br/public_html/vendor/laravel/framework/src/Illuminate/Pipeline/Pipeline.php(208): Illuminate\\Session\\Middleware\\StartSession->handle()
#26 /home/projetos.cyzor.com.br/public_html/vendor/laravel/framework/src/Illuminate/Cookie/Middleware/AddQueuedCookiesToResponse.php(36): Illuminate\\Pipeline\\Pipeline->Illuminate\\Pipeline\\{closure}()
#27 /home/projetos.cyzor.com.br/public_html/vendor/laravel/framework/src/Illuminate/Pipeline/Pipeline.php(208): Illuminate\\Cookie\\Middleware\\AddQueuedCookiesToResponse->handle()
#28 /home/projetos.cyzor.com.br/public_html/vendor/laravel/framework/src/Illuminate/Cookie/Middleware/EncryptCookies.php(74): Illuminate\\Pipeline\\Pipeline->Illuminate\\Pipeline\\{closure}()
#29 /home/projetos.cyzor.com.br/public_html/vendor/laravel/framework/src/Illuminate/Pipeline/Pipeline.php(208): Illuminate\\Cookie\\Middleware\\EncryptCookies->handle()
#30 /home/projetos.cyzor.com.br/public_html/vendor/laravel/framework/src/Illuminate/Pipeline/Pipeline.php(126): Illuminate\\Pipeline\\Pipeline->Illuminate\\Pipeline\\{closure}()
#31 /home/projetos.cyzor.com.br/public_html/vendor/laravel/framework/src/Illuminate/Routing/Router.php(819): Illuminate\\Pipeline\\Pipeline->then()
#32 /home/projetos.cyzor.com.br/public_html/vendor/laravel/framework/src/Illuminate/Routing/Router.php(798): Illuminate\\Routing\\Router->runRouteWithinStack()
#33 /home/projetos.cyzor.com.br/public_html/vendor/laravel/framework/src/Illuminate/Routing/Router.php(761): Illuminate\\Routing\\Router->runRoute()
#34 /home/projetos.cyzor.com.br/public_html/vendor/laravel/framework/src/Illuminate/Routing/Router.php(750): Illuminate\\Routing\\Router->dispatchToRoute()
#35 /home/projetos.cyzor.com.br/public_html/vendor/laravel/framework/src/Illuminate/Foundation/Http/Kernel.php(200): Illuminate\\Routing\\Router->dispatch()
#36 /home/projetos.cyzor.com.br/public_html/vendor/laravel/framework/src/Illuminate/Pipeline/Pipeline.php(169): Illuminate\\Foundation\\Http\\Kernel->Illuminate\\Foundation\\Http\\{closure}()
#37 /home/projetos.cyzor.com.br/public_html/vendor/laravel/framework/src/Illuminate/Foundation/Http/Middleware/TransformsRequest.php(21): Illuminate\\Pipeline\\Pipeline->Illuminate\\Pipeline\\{closure}()
#38 /home/projetos.cyzor.com.br/public_html/vendor/laravel/framework/src/Illuminate/Foundation/Http/Middleware/ConvertEmptyStringsToNull.php(31): Illuminate\\Foundation\\Http\\Middleware\\TransformsRequest->handle()
#39 /home/projetos.cyzor.com.br/public_html/vendor/laravel/framework/src/Illuminate/Pipeline/Pipeline.php(208): Illuminate\\Foundation\\Http\\Middleware\\ConvertEmptyStringsToNull->handle()
#40 /home/projetos.cyzor.com.br/public_html/vendor/laravel/framework/src/Illuminate/Foundation/Http/Middleware/TransformsRequest.php(21): Illuminate\\Pipeline\\Pipeline->Illuminate\\Pipeline\\{closure}()
#41 /home/projetos.cyzor.com.br/public_html/vendor/laravel/framework/src/Illuminate/Foundation/Http/Middleware/TrimStrings.php(51): Illuminate\\Foundation\\Http\\Middleware\\TransformsRequest->handle()
#42 /home/projetos.cyzor.com.br/public_html/vendor/laravel/framework/src/Illuminate/Pipeline/Pipeline.php(208): Illuminate\\Foundation\\Http\\Middleware\\TrimStrings->handle()
#43 /home/projetos.cyzor.com.br/public_html/vendor/laravel/framework/src/Illuminate/Http/Middleware/ValidatePostSize.php(27): Illuminate\\Pipeline\\Pipeline->Illuminate\\Pipeline\\{closure}()
#44 /home/projetos.cyzor.com.br/public_html/vendor/laravel/framework/src/Illuminate/Pipeline/Pipeline.php(208): Illuminate\\Http\\Middleware\\ValidatePostSize->handle()
#45 /home/projetos.cyzor.com.br/public_html/vendor/laravel/framework/src/Illuminate/Foundation/Http/Middleware/PreventRequestsDuringMaintenance.php(109): Illuminate\\Pipeline\\Pipeline->Illuminate\\Pipeline\\{closure}()
#46 /home/projetos.cyzor.com.br/public_html/vendor/laravel/framework/src/Illuminate/Pipeline/Pipeline.php(208): Illuminate\\Foundation\\Http\\Middleware\\PreventRequestsDuringMaintenance->handle()
#47 /home/projetos.cyzor.com.br/public_html/vendor/laravel/framework/src/Illuminate/Http/Middleware/HandleCors.php(48): Illuminate\\Pipeline\\Pipeline->Illuminate\\Pipeline\\{closure}()
#48 /home/projetos.cyzor.com.br/public_html/vendor/laravel/framework/src/Illuminate/Pipeline/Pipeline.php(208): Illuminate\\Http\\Middleware\\HandleCors->handle()
#49 /home/projetos.cyzor.com.br/public_html/vendor/laravel/framework/src/Illuminate/Http/Middleware/TrustProxies.php(58): Illuminate\\Pipeline\\Pipeline->Illuminate\\Pipeline\\{closure}()
#50 /home/projetos.cyzor.com.br/public_html/vendor/laravel/framework/src/Illuminate/Pipeline/Pipeline.php(208): Illuminate\\Http\\Middleware\\TrustProxies->handle()
#51 /home/projetos.cyzor.com.br/public_html/vendor/laravel/framework/src/Illuminate/Foundation/Http/Middleware/InvokeDeferredCallbacks.php(22): Illuminate\\Pipeline\\Pipeline->Illuminate\\Pipeline\\{closure}()
#52 /home/projetos.cyzor.com.br/public_html/vendor/laravel/framework/src/Illuminate/Pipeline/Pipeline.php(208): Illuminate\\Foundation\\Http\\Middleware\\InvokeDeferredCallbacks->handle()
#53 /home/projetos.cyzor.com.br/public_html/vendor/laravel/framework/src/Illuminate/Http/Middleware/ValidatePathEncoding.php(26): Illuminate\\Pipeline\\Pipeline->Illuminate\\Pipeline\\{closure}()
#54 /home/projetos.cyzor.com.br/public_html/vendor/laravel/framework/src/Illuminate/Pipeline/Pipeline.php(208): Illuminate\\Http\\Middleware\\ValidatePathEncoding->handle()
#55 /home/projetos.cyzor.com.br/public_html/vendor/laravel/framework/src/Illuminate/Pipeline/Pipeline.php(126): Illuminate\\Pipeline\\Pipeline->Illuminate\\Pipeline\\{closure}()
#56 /home/projetos.cyzor.com.br/public_html/vendor/laravel/framework/src/Illuminate/Foundation/Http/Kernel.php(175): Illuminate\\Pipeline\\Pipeline->then()
#57 /home/projetos.cyzor.com.br/public_html/vendor/laravel/framework/src/Illuminate/Foundation/Http/Kernel.php(144): Illuminate\\Foundation\\Http\\Kernel->sendRequestThroughRouter()
#58 /home/projetos.cyzor.com.br/public_html/vendor/laravel/framework/src/Illuminate/Foundation/Application.php(1219): Illuminate\\Foundation\\Http\\Kernel->handle()
#59 /home/projetos.cyzor.com.br/public_html/public/index.php(20): Illuminate\\Foundation\\Application->handleRequest()
#60 {main}

[previous exception] [object] (PDOException(code: 42S22): SQLSTATE[42S22]: Column not found: 1054 Unknown column 'workspace_id' in 'WHERE' at /home/projetos.cyzor.com.br/public_html/vendor/laravel/framework/src/Illuminate/Database/Connection.php:404)
[stacktrace]
#0 /home/projetos.cyzor.com.br/public_html/vendor/laravel/framework/src/Illuminate/Database/Connection.php(404): PDO->prepare()
#1 /home/projetos.cyzor.com.br/public_html/vendor/laravel/framework/src/Illuminate/Database/Connection.php(809): Illuminate\\Database\\Connection->Illuminate\\Database\\{closure}()
#2 /home/projetos.cyzor.com.br/public_html/vendor/laravel/framework/src/Illuminate/Database/Connection.php(776): Illuminate\\Database\\Connection->runQueryCallback()
#3 /home/projetos.cyzor.com.br/public_html/vendor/laravel/framework/src/Illuminate/Database/Connection.php(395): Illuminate\\Database\\Connection->run()
#4 /home/projetos.cyzor.com.br/public_html/vendor/laravel/framework/src/Illuminate/Database/Query/Builder.php(3131): Illuminate\\Database\\Connection->select()
#5 /home/projetos.cyzor.com.br/public_html/vendor/laravel/framework/src/Illuminate/Database/Query/Builder.php(3389): Illuminate\\Database\\Query\\Builder->runSelect()
#6 /home/projetos.cyzor.com.br/public_html/vendor/laravel/framework/src/Illuminate/Database/Query/Builder.php(3706): Illuminate\\Database\\Query\\Builder->Illuminate\\Database\\Query\\{closure}()
#7 /home/projetos.cyzor.com.br/public_html/vendor/laravel/framework/src/Illuminate/Database/Query/Builder.php(3385): Illuminate\\Database\\Query\\Builder->onceWithColumns()
#8 /home/projetos.cyzor.com.br/public_html/vendor/laravel/framework/src/Illuminate/Database/Eloquent/Builder.php(1052): Illuminate\\Database\\Query\\Builder->pluck()
#9 /home/projetos.cyzor.com.br/public_html/app/Helpers/helper.php(68): Illuminate\\Database\\Eloquent\\Builder->pluck()
#10 /home/projetos.cyzor.com.br/public_html/app/Http/Middleware/HandleInertiaRequests.php(58): settings()
#11 /home/projetos.cyzor.com.br/public_html/vendor/inertiajs/inertia-laravel/src/Middleware.php(93): App\\Http\\Middleware\\HandleInertiaRequests->share()
#12 /home/projetos.cyzor.com.br/public_html/vendor/laravel/framework/src/Illuminate/Pipeline/Pipeline.php(208): Inertia\\Middleware->handle()
#13 /home/projetos.cyzor.com.br/public_html/app/Http/Middleware/ShareGlobalSettings.php(32): Illuminate\\Pipeline\\Pipeline->Illuminate\\Pipeline\\{closure}()
#14 /home/projetos.cyzor.com.br/public_html/vendor/laravel/framework/src/Illuminate/Pipeline/Pipeline.php(208): App\\Http\\Middleware\\ShareGlobalSettings->handle()
#15 /home/projetos.cyzor.com.br/public_html/app/Http/Middleware/HandleAppearance.php(21): Illuminate\\Pipeline\\Pipeline->Illuminate\\Pipeline\\{closure}()
#16 /home/projetos.cyzor.com.br/public_html/vendor/laravel/framework/src/Illuminate/Pipeline/Pipeline.php(208): App\\Http\\Middleware\\HandleAppearance->handle()
#17 /home/projetos.cyzor.com.br/public_html/app/Http/Middleware/CheckInstallation.php(41): Illuminate\\Pipeline\\Pipeline->Illuminate\\Pipeline\\{closure}()
#18 /home/projetos.cyzor.com.br/public_html/vendor/laravel/framework/src/Illuminate/Pipeline/Pipeline.php(208): App\\Http\\Middleware\\CheckInstallation->handle()
#19 /home/projetos.cyzor.com.br/public_html/vendor/laravel/framework/src/Illuminate/Routing/Middleware/SubstituteBindings.php(50): Illuminate\\Pipeline\\Pipeline->Illuminate\\Pipeline\\{closure}()
#20 /home/projetos.cyzor.com.br/public_html/vendor/laravel/framework/src/Illuminate/Pipeline/Pipeline.php(208): Illuminate\\Routing\\Middleware\\SubstituteBindings->handle()
#21 /home/projetos.cyzor.com.br/public_html/vendor/laravel/framework/src/Illuminate/Foundation/Http/Middleware/VerifyCsrfToken.php(87): Illuminate\\Pipeline\\Pipeline->Illuminate\\Pipeline\\{closure}()
#22 /home/projetos.cyzor.com.br/public_html/vendor/laravel/framework/src/Illuminate/Pipeline/Pipeline.php(208): Illuminate\\Foundation\\Http\\Middleware\\VerifyCsrfToken->handle()
#23 /home/projetos.cyzor.com.br/public_html/vendor/laravel/framework/src/Illuminate/View/Middleware/ShareErrorsFromSession.php(48): Illuminate\\Pipeline\\Pipeline->Illuminate\\Pipeline\\{closure}()
#24 /home/projetos.cyzor.com.br/public_html/vendor/laravel/framework/src/Illuminate/Pipeline/Pipeline.php(208): Illuminate\\View\\Middleware\\ShareErrorsFromSession->handle()
#25 /home/projetos.cyzor.com.br/public_html/vendor/laravel/framework/src/Illuminate/Session/Middleware/StartSession.php(120): Illuminate\\Pipeline\\Pipeline->Illuminate\\Pipeline\\{closure}()
#26 /home/projetos.cyzor.com.br/public_html/vendor/laravel/framework/src/Illuminate/Session/Middleware/StartSession.php(63): Illuminate\\Session\\Middleware\\StartSession->handleStatefulRequest()
#27 /home/projetos.cyzor.com.br/public_html/vendor/laravel/framework/src/Illuminate/Pipeline/Pipeline.php(208): Illuminate\\Session\\Middleware\\StartSession->handle()
#28 /home/projetos.cyzor.com.br/public_html/vendor/laravel/framework/src/Illuminate/Cookie/Middleware/AddQueuedCookiesToResponse.php(36): Illuminate\\Pipeline\\Pipeline->Illuminate\\Pipeline\\{closure}()
#29 /home/projetos.cyzor.com.br/public_html/vendor/laravel/framework/src/Illuminate/Pipeline/Pipeline.php(208): Illuminate\\Cookie\\Middleware\\AddQueuedCookiesToResponse->handle()
#30 /home/projetos.cyzor.com.br/public_html/vendor/laravel/framework/src/Illuminate/Cookie/Middleware/EncryptCookies.php(74): Illuminate\\Pipeline\\Pipeline->Illuminate\\Pipeline\\{closure}()
#31 /home/projetos.cyzor.com.br/public_html/vendor/laravel/framework/src/Illuminate/Pipeline/Pipeline.php(208): Illuminate\\Cookie\\Middleware\\EncryptCookies->handle()
#32 /home/projetos.cyzor.com.br/public_html/vendor/laravel/framework/src/Illuminate/Pipeline/Pipeline.php(126): Illuminate\\Pipeline\\Pipeline->Illuminate\\Pipeline\\{closure}()
#33 /home/projetos.cyzor.com.br/public_html/vendor/laravel/framework/src/Illuminate/Routing/Router.php(819): Illuminate\\Pipeline\\Pipeline->then()
#34 /home/projetos.cyzor.com.br/public_html/vendor/laravel/framework/src/Illuminate/Routing/Router.php(798): Illuminate\\Routing\\Router->runRouteWithinStack()
#35 /home/projetos.cyzor.com.br/public_html/vendor/laravel/framework/src/Illuminate/Routing/Router.php(761): Illuminate\\Routing\\Router->runRoute()
#36 /home/projetos.cyzor.com.br/public_html/vendor/laravel/framework/src/Illuminate/Routing/Router.php(750): Illuminate\\Routing\\Router->dispatchToRoute()
#37 /home/projetos.cyzor.com.br/public_html/vendor/laravel/framework/src/Illuminate/Foundation/Http/Kernel.php(200): Illuminate\\Routing\\Router->dispatch()
#38 /home/projetos.cyzor.com.br/public_html/vendor/laravel/framework/src/Illuminate/Pipeline/Pipeline.php(169): Illuminate\\Foundation\\Http\\Kernel->Illuminate\\Foundation\\Http\\{closure}()
#39 /home/projetos.cyzor.com.br/public_html/vendor/laravel/framework/src/Illuminate/Foundation/Http/Middleware/TransformsRequest.php(21): Illuminate\\Pipeline\\Pipeline->Illuminate\\Pipeline\\{closure}()
#40 /home/projetos.cyzor.com.br/public_html/vendor/laravel/framework/src/Illuminate/Foundation/Http/Middleware/ConvertEmptyStringsToNull.php(31): Illuminate\\Foundation\\Http\\Middleware\\TransformsRequest->handle()
#41 /home/projetos.cyzor.com.br/public_html/vendor/laravel/framework/src/Illuminate/Pipeline/Pipeline.php(208): Illuminate\\Foundation\\Http\\Middleware\\ConvertEmptyStringsToNull->handle()
#42 /home/projetos.cyzor.com.br/public_html/vendor/laravel/framework/src/Illuminate/Foundation/Http/Middleware/TransformsRequest.php(21): Illuminate\\Pipeline\\Pipeline->Illuminate\\Pipeline\\{closure}()
#43 /home/projetos.cyzor.com.br/public_html/vendor/laravel/framework/src/Illuminate/Foundation/Http/Middleware/TrimStrings.php(51): Illuminate\\Foundation\\Http\\Middleware\\TransformsRequest->handle()
#44 /home/projetos.cyzor.com.br/public_html/vendor/laravel/framework/src/Illuminate/Pipeline/Pipeline.php(208): Illuminate\\Foundation\\Http\\Middleware\\TrimStrings->handle()
#45 /home/projetos.cyzor.com.br/public_html/vendor/laravel/framework/src/Illuminate/Http/Middleware/ValidatePostSize.php(27): Illuminate\\Pipeline\\Pipeline->Illuminate\\Pipeline\\{closure}()
#46 /home/projetos.cyzor.com.br/public_html/vendor/laravel/framework/src/Illuminate/Pipeline/Pipeline.php(208): Illuminate\\Http\\Middleware\\ValidatePostSize->handle()
#47 /home/projetos.cyzor.com.br/public_html/vendor/laravel/framework/src/Illuminate/Foundation/Http/Middleware/PreventRequestsDuringMaintenance.php(109): Illuminate\\Pipeline\\Pipeline->Illuminate\\Pipeline\\{closure}()
#48 /home/projetos.cyzor.com.br/public_html/vendor/laravel/framework/src/Illuminate/Pipeline/Pipeline.php(208): Illuminate\\Foundation\\Http\\Middleware\\PreventRequestsDuringMaintenance->handle()
#49 /home/projetos.cyzor.com.br/public_html/vendor/laravel/framework/src/Illuminate/Http/Middleware/HandleCors.php(48): Illuminate\\Pipeline\\Pipeline->Illuminate\\Pipeline\\{closure}()
#50 /home/projetos.cyzor.com.br/public_html/vendor/laravel/framework/src/Illuminate/Pipeline/Pipeline.php(208): Illuminate\\Http\\Middleware\\HandleCors->handle()
#51 /home/projetos.cyzor.com.br/public_html/vendor/laravel/framework/src/Illuminate/Http/Middleware/TrustProxies.php(58): Illuminate\\Pipeline\\Pipeline->Illuminate\\Pipeline\\{closure}()
#52 /home/projetos.cyzor.com.br/public_html/vendor/laravel/framework/src/Illuminate/Pipeline/Pipeline.php(208): Illuminate\\Http\\Middleware\\TrustProxies->handle()
#53 /home/projetos.cyzor.com.br/public_html/vendor/laravel/framework/src/Illuminate/Foundation/Http/Middleware/InvokeDeferredCallbacks.php(22): Illuminate\\Pipeline\\Pipeline->Illuminate\\Pipeline\\{closure}()
#54 /home/projetos.cyzor.com.br/public_html/vendor/laravel/framework/src/Illuminate/Pipeline/Pipeline.php(208): Illuminate\\Foundation\\Http\\Middleware\\InvokeDeferredCallbacks->handle()
#55 /home/projetos.cyzor.com.br/public_html/vendor/laravel/framework/src/Illuminate/Http/Middleware/ValidatePathEncoding.php(26): Illuminate\\Pipeline\\Pipeline->Illuminate\\Pipeline\\{closure}()
#56 /home/projetos.cyzor.com.br/public_html/vendor/laravel/framework/src/Illuminate/Pipeline/Pipeline.php(208): Illuminate\\Http\\Middleware\\ValidatePathEncoding->handle()
#57 /home/projetos.cyzor.com.br/public_html/vendor/laravel/framework/src/Illuminate/Pipeline/Pipeline.php(126): Illuminate\\Pipeline\\Pipeline->Illuminate\\Pipeline\\{closure}()
#58 /home/projetos.cyzor.com.br/public_html/vendor/laravel/framework/src/Illuminate/Foundation/Http/Kernel.php(175): Illuminate\\Pipeline\\Pipeline->then()
#59 /home/projetos.cyzor.com.br/public_html/vendor/laravel/framework/src/Illuminate/Foundation/Http/Kernel.php(144): Illuminate\\Foundation\\Http\\Kernel->sendRequestThroughRouter()
#60 /home/projetos.cyzor.com.br/public_html/vendor/laravel/framework/src/Illuminate/Foundation/Application.php(1219): Illuminate\\Foundation\\Http\\Kernel->handle()
#61 /home/projetos.cyzor.com.br/public_html/public/index.php(20): Illuminate\\Foundation\\Application->handleRequest()
#62 {main}
"} 
[2025-10-12 22:46:02] local.ERROR: SQLSTATE[42S01]: Base table or view already exists: 1050 Table 'newsletters' already exists (Connection: mysql, SQL: create table `newsletters` (`id` bigint unsigned not null auto_increment primary key, `email` varchar(255) not null, `subscribed_at` timestamp null, `unsubscribed_at` timestamp null, `status` enum('subscribed', 'unsubscribed') not null default 'subscribed', `source` varchar(255) not null default 'landing_page', `created_at` timestamp null, `updated_at` timestamp null) default character set utf8mb4 collate 'utf8mb4_unicode_ci') {"exception":"[object] (Illuminate\\Database\\QueryException(code: 42S01): SQLSTATE[42S01]: Base table or view already exists: 1050 Table 'newsletters' already exists (Connection: mysql, SQL: create table `newsletters` (`id` bigint unsigned not null auto_increment primary key, `email` varchar(255) not null, `subscribed_at` timestamp null, `unsubscribed_at` timestamp null, `status` enum('subscribed', 'unsubscribed') not null default 'subscribed', `source` varchar(255) not null default 'landing_page', `created_at` timestamp null, `updated_at` timestamp null) default character set utf8mb4 collate 'utf8mb4_unicode_ci') at /home/projetos.cyzor.com.br/public_html/vendor/laravel/framework/src/Illuminate/Database/Connection.php:822)
[stacktrace]
#0 /home/projetos.cyzor.com.br/public_html/vendor/laravel/framework/src/Illuminate/Database/Connection.php(776): Illuminate\\Database\\Connection->runQueryCallback()
#1 /home/projetos.cyzor.com.br/public_html/vendor/laravel/framework/src/Illuminate/Database/Connection.php(557): Illuminate\\Database\\Connection->run()
#2 /home/projetos.cyzor.com.br/public_html/vendor/laravel/framework/src/Illuminate/Database/Schema/Blueprint.php(119): Illuminate\\Database\\Connection->statement()
#3 /home/projetos.cyzor.com.br/public_html/vendor/laravel/framework/src/Illuminate/Database/Schema/Builder.php(618): Illuminate\\Database\\Schema\\Blueprint->build()
#4 /home/projetos.cyzor.com.br/public_html/vendor/laravel/framework/src/Illuminate/Database/Schema/Builder.php(472): Illuminate\\Database\\Schema\\Builder->build()
#5 /home/projetos.cyzor.com.br/public_html/vendor/laravel/framework/src/Illuminate/Support/Facades/Facade.php(361): Illuminate\\Database\\Schema\\Builder->create()
#6 /home/projetos.cyzor.com.br/public_html/database/migrations/2025_01_30_000001_create_newsletters_table.php(11): Illuminate\\Support\\Facades\\Facade::__callStatic()
#7 /home/projetos.cyzor.com.br/public_html/vendor/laravel/framework/src/Illuminate/Database/Migrations/Migrator.php(514): Illuminate\\Database\\Migrations\\Migration@anonymous->up()
#8 /home/projetos.cyzor.com.br/public_html/vendor/laravel/framework/src/Illuminate/Database/Migrations/Migrator.php(439): Illuminate\\Database\\Migrations\\Migrator->runMethod()
#9 /home/projetos.cyzor.com.br/public_html/vendor/laravel/framework/src/Illuminate/Database/Migrations/Migrator.php(448): Illuminate\\Database\\Migrations\\Migrator->Illuminate\\Database\\Migrations\\{closure}()
#10 /home/projetos.cyzor.com.br/public_html/vendor/laravel/framework/src/Illuminate/Database/Migrations/Migrator.php(250): Illuminate\\Database\\Migrations\\Migrator->runMigration()
#11 /home/projetos.cyzor.com.br/public_html/vendor/laravel/framework/src/Illuminate/Console/View/Components/Task.php(41): Illuminate\\Database\\Migrations\\Migrator->Illuminate\\Database\\Migrations\\{closure}()
#12 /home/projetos.cyzor.com.br/public_html/vendor/laravel/framework/src/Illuminate/Database/Migrations/Migrator.php(805): Illuminate\\Console\\View\\Components\\Task->render()
#13 /home/projetos.cyzor.com.br/public_html/vendor/laravel/framework/src/Illuminate/Database/Migrations/Migrator.php(250): Illuminate\\Database\\Migrations\\Migrator->write()
#14 /home/projetos.cyzor.com.br/public_html/vendor/laravel/framework/src/Illuminate/Database/Migrations/Migrator.php(210): Illuminate\\Database\\Migrations\\Migrator->runUp()
#15 /home/projetos.cyzor.com.br/public_html/vendor/laravel/framework/src/Illuminate/Database/Migrations/Migrator.php(137): Illuminate\\Database\\Migrations\\Migrator->runPending()
#16 /home/projetos.cyzor.com.br/public_html/vendor/laravel/framework/src/Illuminate/Database/Console/Migrations/MigrateCommand.php(116): Illuminate\\Database\\Migrations\\Migrator->run()
#17 /home/projetos.cyzor.com.br/public_html/vendor/laravel/framework/src/Illuminate/Database/Migrations/Migrator.php(665): Illuminate\\Database\\Console\\Migrations\\MigrateCommand->Illuminate\\Database\\Console\\Migrations\\{closure}()
#18 /home/projetos.cyzor.com.br/public_html/vendor/laravel/framework/src/Illuminate/Database/Console/Migrations/MigrateCommand.php(109): Illuminate\\Database\\Migrations\\Migrator->usingConnection()
#19 /home/projetos.cyzor.com.br/public_html/vendor/laravel/framework/src/Illuminate/Database/Console/Migrations/MigrateCommand.php(88): Illuminate\\Database\\Console\\Migrations\\MigrateCommand->runMigrations()
#20 /home/projetos.cyzor.com.br/public_html/vendor/laravel/framework/src/Illuminate/Container/BoundMethod.php(36): Illuminate\\Database\\Console\\Migrations\\MigrateCommand->handle()
#21 /home/projetos.cyzor.com.br/public_html/vendor/laravel/framework/src/Illuminate/Container/Util.php(43): Illuminate\\Container\\BoundMethod::Illuminate\\Container\\{closure}()
#22 /home/projetos.cyzor.com.br/public_html/vendor/laravel/framework/src/Illuminate/Container/BoundMethod.php(96): Illuminate\\Container\\Util::unwrapIfClosure()
#23 /home/projetos.cyzor.com.br/public_html/vendor/laravel/framework/src/Illuminate/Container/BoundMethod.php(35): Illuminate\\Container\\BoundMethod::callBoundMethod()
#24 /home/projetos.cyzor.com.br/public_html/vendor/laravel/framework/src/Illuminate/Container/Container.php(754): Illuminate\\Container\\BoundMethod::call()
#25 /home/projetos.cyzor.com.br/public_html/vendor/laravel/framework/src/Illuminate/Console/Command.php(211): Illuminate\\Container\\Container->call()
#26 /home/projetos.cyzor.com.br/public_html/vendor/symfony/console/Command/Command.php(318): Illuminate\\Console\\Command->execute()
#27 /home/projetos.cyzor.com.br/public_html/vendor/laravel/framework/src/Illuminate/Console/Command.php(180): Symfony\\Component\\Console\\Command\\Command->run()
#28 /home/projetos.cyzor.com.br/public_html/vendor/symfony/console/Application.php(1092): Illuminate\\Console\\Command->run()
#29 /home/projetos.cyzor.com.br/public_html/vendor/symfony/console/Application.php(341): Symfony\\Component\\Console\\Application->doRunCommand()
#30 /home/projetos.cyzor.com.br/public_html/vendor/symfony/console/Application.php(192): Symfony\\Component\\Console\\Application->doRun()
#31 /home/projetos.cyzor.com.br/public_html/vendor/laravel/framework/src/Illuminate/Foundation/Console/Kernel.php(197): Symfony\\Component\\Console\\Application->run()
#32 /home/projetos.cyzor.com.br/public_html/vendor/laravel/framework/src/Illuminate/Foundation/Application.php(1234): Illuminate\\Foundation\\Console\\Kernel->handle()
#33 /home/projetos.cyzor.com.br/public_html/artisan(16): Illuminate\\Foundation\\Application->handleCommand()
#34 {main}

[previous exception] [object] (PDOException(code: 42S01): SQLSTATE[42S01]: Base table or view already exists: 1050 Table 'newsletters' already exists at /home/projetos.cyzor.com.br/public_html/vendor/laravel/framework/src/Illuminate/Database/Connection.php:568)
[stacktrace]
#0 /home/projetos.cyzor.com.br/public_html/vendor/laravel/framework/src/Illuminate/Database/Connection.php(568): PDOStatement->execute()
#1 /home/projetos.cyzor.com.br/public_html/vendor/laravel/framework/src/Illuminate/Database/Connection.php(809): Illuminate\\Database\\Connection->Illuminate\\Database\\{closure}()
#2 /home/projetos.cyzor.com.br/public_html/vendor/laravel/framework/src/Illuminate/Database/Connection.php(776): Illuminate\\Database\\Connection->runQueryCallback()
#3 /home/projetos.cyzor.com.br/public_html/vendor/laravel/framework/src/Illuminate/Database/Connection.php(557): Illuminate\\Database\\Connection->run()
#4 /home/projetos.cyzor.com.br/public_html/vendor/laravel/framework/src/Illuminate/Database/Schema/Blueprint.php(119): Illuminate\\Database\\Connection->statement()
#5 /home/projetos.cyzor.com.br/public_html/vendor/laravel/framework/src/Illuminate/Database/Schema/Builder.php(618): Illuminate\\Database\\Schema\\Blueprint->build()
#6 /home/projetos.cyzor.com.br/public_html/vendor/laravel/framework/src/Illuminate/Database/Schema/Builder.php(472): Illuminate\\Database\\Schema\\Builder->build()
#7 /home/projetos.cyzor.com.br/public_html/vendor/laravel/framework/src/Illuminate/Support/Facades/Facade.php(361): Illuminate\\Database\\Schema\\Builder->create()
#8 /home/projetos.cyzor.com.br/public_html/database/migrations/2025_01_30_000001_create_newsletters_table.php(11): Illuminate\\Support\\Facades\\Facade::__callStatic()
#9 /home/projetos.cyzor.com.br/public_html/vendor/laravel/framework/src/Illuminate/Database/Migrations/Migrator.php(514): Illuminate\\Database\\Migrations\\Migration@anonymous->up()
#10 /home/projetos.cyzor.com.br/public_html/vendor/laravel/framework/src/Illuminate/Database/Migrations/Migrator.php(439): Illuminate\\Database\\Migrations\\Migrator->runMethod()
#11 /home/projetos.cyzor.com.br/public_html/vendor/laravel/framework/src/Illuminate/Database/Migrations/Migrator.php(448): Illuminate\\Database\\Migrations\\Migrator->Illuminate\\Database\\Migrations\\{closure}()
#12 /home/projetos.cyzor.com.br/public_html/vendor/laravel/framework/src/Illuminate/Database/Migrations/Migrator.php(250): Illuminate\\Database\\Migrations\\Migrator->runMigration()
#13 /home/projetos.cyzor.com.br/public_html/vendor/laravel/framework/src/Illuminate/Console/View/Components/Task.php(41): Illuminate\\Database\\Migrations\\Migrator->Illuminate\\Database\\Migrations\\{closure}()
#14 /home/projetos.cyzor.com.br/public_html/vendor/laravel/framework/src/Illuminate/Database/Migrations/Migrator.php(805): Illuminate\\Console\\View\\Components\\Task->render()
#15 /home/projetos.cyzor.com.br/public_html/vendor/laravel/framework/src/Illuminate/Database/Migrations/Migrator.php(250): Illuminate\\Database\\Migrations\\Migrator->write()
#16 /home/projetos.cyzor.com.br/public_html/vendor/laravel/framework/src/Illuminate/Database/Migrations/Migrator.php(210): Illuminate\\Database\\Migrations\\Migrator->runUp()
#17 /home/projetos.cyzor.com.br/public_html/vendor/laravel/framework/src/Illuminate/Database/Migrations/Migrator.php(137): Illuminate\\Database\\Migrations\\Migrator->runPending()
#18 /home/projetos.cyzor.com.br/public_html/vendor/laravel/framework/src/Illuminate/Database/Console/Migrations/MigrateCommand.php(116): Illuminate\\Database\\Migrations\\Migrator->run()
#19 /home/projetos.cyzor.com.br/public_html/vendor/laravel/framework/src/Illuminate/Database/Migrations/Migrator.php(665): Illuminate\\Database\\Console\\Migrations\\MigrateCommand->Illuminate\\Database\\Console\\Migrations\\{closure}()
#20 /home/projetos.cyzor.com.br/public_html/vendor/laravel/framework/src/Illuminate/Database/Console/Migrations/MigrateCommand.php(109): Illuminate\\Database\\Migrations\\Migrator->usingConnection()
#21 /home/projetos.cyzor.com.br/public_html/vendor/laravel/framework/src/Illuminate/Database/Console/Migrations/MigrateCommand.php(88): Illuminate\\Database\\Console\\Migrations\\MigrateCommand->runMigrations()
#22 /home/projetos.cyzor.com.br/public_html/vendor/laravel/framework/src/Illuminate/Container/BoundMethod.php(36): Illuminate\\Database\\Console\\Migrations\\MigrateCommand->handle()
#23 /home/projetos.cyzor.com.br/public_html/vendor/laravel/framework/src/Illuminate/Container/Util.php(43): Illuminate\\Container\\BoundMethod::Illuminate\\Container\\{closure}()
#24 /home/projetos.cyzor.com.br/public_html/vendor/laravel/framework/src/Illuminate/Container/BoundMethod.php(96): Illuminate\\Container\\Util::unwrapIfClosure()
#25 /home/projetos.cyzor.com.br/public_html/vendor/laravel/framework/src/Illuminate/Container/BoundMethod.php(35): Illuminate\\Container\\BoundMethod::callBoundMethod()
#26 /home/projetos.cyzor.com.br/public_html/vendor/laravel/framework/src/Illuminate/Container/Container.php(754): Illuminate\\Container\\BoundMethod::call()
#27 /home/projetos.cyzor.com.br/public_html/vendor/laravel/framework/src/Illuminate/Console/Command.php(211): Illuminate\\Container\\Container->call()
#28 /home/projetos.cyzor.com.br/public_html/vendor/symfony/console/Command/Command.php(318): Illuminate\\Console\\Command->execute()
#29 /home/projetos.cyzor.com.br/public_html/vendor/laravel/framework/src/Illuminate/Console/Command.php(180): Symfony\\Component\\Console\\Command\\Command->run()
#30 /home/projetos.cyzor.com.br/public_html/vendor/symfony/console/Application.php(1092): Illuminate\\Console\\Command->run()
#31 /home/projetos.cyzor.com.br/public_html/vendor/symfony/console/Application.php(341): Symfony\\Component\\Console\\Application->doRunCommand()
#32 /home/projetos.cyzor.com.br/public_html/vendor/symfony/console/Application.php(192): Symfony\\Component\\Console\\Application->doRun()
#33 /home/projetos.cyzor.com.br/public_html/vendor/laravel/framework/src/Illuminate/Foundation/Console/Kernel.php(197): Symfony\\Component\\Console\\Application->run()
#34 /home/projetos.cyzor.com.br/public_html/vendor/laravel/framework/src/Illuminate/Foundation/Application.php(1234): Illuminate\\Foundation\\Console\\Kernel->handle()
#35 /home/projetos.cyzor.com.br/public_html/artisan(16): Illuminate\\Foundation\\Application->handleCommand()
#36 {main}
"} 
